85424165
573435640
646158956
345736039
277449146
643456781
643456781
643456781
645564136
344601083
337455049
530000097
575560154
264394656
501977703
501977703
501977703
640435960
520536607
112711154
121562576
121562576
107301822
296692083
646152873
645387053
645387053
645285145
645318456
645318456
645226264
640606491
640606491
645922182
645509842
643949903
646170378
646336386
646336386
645371347
642088635
642088635
644024668
645926338
645315696
645419755
646231861
645621128
645965088
645911173
645593725
645601080
645603683
645518626
645502468
645829938
646169558
638769025
638769025
645397449
646350469
646158756
646184373
646167575
646172562
646002967
644960340
646231283
646295478
646037231
646044637
645741802
645756673
645614426
645489166
645683823
645689995
645644586
645363248
645745426
646174470
646336120
646348985
646381566
646251937
638718354
639549068
638482092
646244405
646318933
646156481
646189999
638594288
638594288
645520546
645304593
639290956
644183839
644171759
646017370
